#
# There is insufficient memory for the Java Runtime Environment to continue.
# Native memory allocation (mmap) failed to map 134217728 bytes for G1 virtual space
# Possible reasons:
#   The system is out of physical RAM or swap space
#   The process is running with CompressedOops enabled, and the Java Heap may be blocking the growth of the native heap
# Possible solutions:
#   Reduce memory load on the system
#   Increase physical memory or swap space
#   Check if swap backing store is full
#   Decrease Java heap size (-Xmx/-Xms)
#   Decrease number of Java threads
#   Decrease Java thread stack sizes (-Xss)
#   Set larger code cache with -XX:ReservedCodeCacheSize=
#   JVM is running with Unscaled Compressed Oops mode in which the Java heap is
#     placed in the first 4GB address space. The Java Heap base address is the
#     maximum limit for the native heap growth. Please use -XX:HeapBaseMinAddress
#     to set the Java Heap base and to place the Java Heap above 4GB virtual address.
# This output file may be truncated or incomplete.
#
#  Out of Memory Error (os_windows.cpp:3527), pid=12524, tid=12848
#
# JRE version:  (19.0.1+10) (build )
# Java VM: Java HotSpot(TM) 64-Bit Server VM (19.0.1+10-21, mixed mode, sharing, tiered, compressed oops, compressed class ptrs, g1 gc, windows-amd64)
# No core dump will be written. Minidumps are not enabled by default on client versions of Windows
#

---------------  S U M M A R Y ------------

Command Line: -Dfile.encoding=UTF-8 --module-path=C:\Users\DELL\Documents\NetBeansProjects\bank management system\build\classes bank.management.system.Login

Host: Intel(R) Core(TM) i3-4030U CPU @ 1.90GHz, 4 cores, 7G,  Windows 10 , 64 bit Build 19041 (10.0.19041.2788)
Time: Mon May  8 09:14:13 2023 Eastern Daylight Time elapsed time: 0.024771 seconds (0d 0h 0m 0s)

---------------  T H R E A D  ---------------

Current thread (0x000001ee9abf9dc0):  JavaThread "Unknown thread" [_thread_in_vm, id=12848, stack(0x0000001f4c300000,0x0000001f4c400000)]

Stack: [0x0000001f4c300000,0x0000001f4c400000]
Native frames: (J=compiled Java code, j=interpreted, Vv=VM code, C=native code)
V  [jvm.dll+0x6ee8fa]
V  [jvm.dll+0x857a1e]
V  [jvm.dll+0x85940e]
V  [jvm.dll+0x859ac3]
V  [jvm.dll+0x28291f]
V  [jvm.dll+0x6eb6e9]
V  [jvm.dll+0x6e028a]
V  [jvm.dll+0x357136]
V  [jvm.dll+0x35eb96]
V  [jvm.dll+0x3b555e]
V  [jvm.dll+0x3b578f]
V  [jvm.dll+0x32c6ea]
V  [jvm.dll+0x32d59e]
V  [jvm.dll+0x821b20]
V  [jvm.dll+0x3c27c1]
V  [jvm.dll+0x8022f1]
V  [jvm.dll+0x44b30f]
V  [jvm.dll+0x44cc91]
C  [jli.dll+0x5287]
C  [ucrtbase.dll+0x21bb2]
C  [KERNEL32.DLL+0x17604]
C  [ntdll.dll+0x526a1]


---------------  P R O C E S S  ---------------

Threads class SMR info:
_java_thread_list=0x00007fffeefad048, length=0, elements={
}

Java Threads: ( => current thread )

Other Threads:
  0x000001ee9ac58ba0 WorkerThread "GC Thread#0" [stack: 0x0000001f4c400000,0x0000001f4c500000] [id=18112]
  0x000001ee9ac69a20 ConcurrentGCThread "G1 Main Marker" [stack: 0x0000001f4c500000,0x0000001f4c600000] [id=17768]
  0x000001ee9ac6abf0 WorkerThread "G1 Conc#0" [stack: 0x0000001f4c600000,0x0000001f4c700000] [id=16172]

[error occurred during error reporting (printing all threads), id 0xc0000005, EXCEPTION_ACCESS_VIOLATION (0xc0000005) at pc=0x00007fffee76d127]

VM state: not at safepoint (not fully initialized)

VM Mutex/Monitor currently owned by a thread:  ([mutex/lock_event])
[0x000001ee9abf5a10] Heap_lock - owner thread: 0x000001ee9abf9dc0

Heap address: 0x0000000081400000, size: 2028 MB, Compressed Oops mode: 32-bit

CDS archive(s) mapped at: [0x0000000000000000-0x0000000000000000-0x0000000000000000), size 0, SharedBaseAddress: 0x0000000800000000, ArchiveRelocationMode: 0.
Narrow klass base: 0x0000000000000000, Narrow klass shift: 0, Narrow klass range: 0x0

GC Precious Log:
 CardTable entry size: 512
 Card Set container configuration: InlinePtr #cards 5 size 8 Array Of Cards #cards 12 size 40 Howl #buckets 4 coarsen threshold 1843 Howl Bitmap #cards 512 size 80 coarsen threshold 460 Card regions per heap region 1 cards per card region 2048

Heap:
 garbage-first heap   total 0K, used 0K [0x0000000081400000, 0x0000000100000000)
  region size 1024K, 0 young (0K), 0 survivors (0K)

[error occurred during error reporting (printing heap information), id 0xc0000005, EXCEPTION_ACCESS_VIOLATION (0xc0000005) at pc=0x00007fffeeb76959]

GC Heap History (0 events):
No events

Dll operation events (1 events):
Event: 0.017 Loaded shared library C:\Program Files\Java\jdk-19\bin\java.dll

Deoptimization events (0 events):
No events

Classes loaded (0 events):
No events

Classes unloaded (0 events):
No events

Classes redefined (0 events):
No events

Internal exceptions (0 events):
No events

VM Operations (0 events):
No events

Events (0 events):
No events


Dynamic libraries:
0x00007ff6e3410000 - 0x00007ff6e3420000 	C:\Program Files\Java\jdk-19\bin\java.exe
0x00007ff820790000 - 0x00007ff820988000 	C:\Windows\SYSTEM32\ntdll.dll
0x00007ff81ec60000 - 0x00007ff81ed1f000 	C:\Windows\System32\KERNEL32.DLL
0x00007ff81e440000 - 0x00007ff81e71a000 	C:\Windows\System32\KERNELBASE.dll
0x00007ff81e340000 - 0x00007ff81e440000 	C:\Windows\System32\ucrtbase.dll
0x00007ff81b690000 - 0x00007ff81b6ab000 	C:\Program Files\Java\jdk-19\bin\VCRUNTIME140.dll
0x00007ff818d30000 - 0x00007ff818d48000 	C:\Program Files\Java\jdk-19\bin\jli.dll
0x00007ff820210000 - 0x00007ff8202be000 	C:\Windows\System32\ADVAPI32.dll
0x00007ff81f680000 - 0x00007ff81f71e000 	C:\Windows\System32\msvcrt.dll
0x00007ff81ed20000 - 0x00007ff81edbc000 	C:\Windows\System32\sechost.dll
0x00007ff81f930000 - 0x00007ff81fa56000 	C:\Windows\System32\RPCRT4.dll
0x00007ff81fad0000 - 0x00007ff81fc6d000 	C:\Windows\System32\USER32.dll
0x00007ff81e2a0000 - 0x00007ff81e2c2000 	C:\Windows\System32\win32u.dll
0x00007ff80e870000 - 0x00007ff80eb0a000 	C:\Windows\WinSxS\amd64_microsoft.windows.common-controls_6595b64144ccf1df_6.0.19041.1110_none_60b5254171f9507e\COMCTL32.dll
0x00007ff8200c0000 - 0x00007ff8200eb000 	C:\Windows\System32\GDI32.dll
0x00007ff81df30000 - 0x00007ff81e040000 	C:\Windows\System32\gdi32full.dll
0x00007ff81e750000 - 0x00007ff81e7ed000 	C:\Windows\System32\msvcp_win.dll
0x00007ff812440000 - 0x00007ff81244a000 	C:\Windows\SYSTEM32\VERSION.dll
0x00007ff81eea0000 - 0x00007ff81eed0000 	C:\Windows\System32\IMM32.DLL
0x00007ff819a70000 - 0x00007ff819a7c000 	C:\Program Files\Java\jdk-19\bin\vcruntime140_1.dll
0x00007ff806800000 - 0x00007ff80688e000 	C:\Program Files\Java\jdk-19\bin\msvcp140.dll
0x00007fffee430000 - 0x00007fffef0f0000 	C:\Program Files\Java\jdk-19\bin\server\jvm.dll
0x00007ff80cbe0000 - 0x00007ff80cc07000 	C:\Windows\SYSTEM32\WINMM.dll
0x00007ff809880000 - 0x00007ff809889000 	C:\Windows\SYSTEM32\WSOCK32.dll
0x00007ff81fa60000 - 0x00007ff81facb000 	C:\Windows\System32\WS2_32.dll
0x00007ff81bd60000 - 0x00007ff81bd72000 	C:\Windows\SYSTEM32\kernel.appcore.dll
0x00007ff8186d0000 - 0x00007ff8186da000 	C:\Program Files\Java\jdk-19\bin\jimage.dll
0x00007ff80ab90000 - 0x00007ff80ad74000 	C:\Windows\SYSTEM32\DBGHELP.DLL
0x00007ff80a760000 - 0x00007ff80a794000 	C:\Windows\SYSTEM32\dbgcore.DLL
0x00007ff81dea0000 - 0x00007ff81df22000 	C:\Windows\System32\bcryptPrimitives.dll
0x00007ff8184e0000 - 0x00007ff818506000 	C:\Program Files\Java\jdk-19\bin\java.dll

dbghelp: loaded successfully - version: 4.0.5 - missing functions: none
symbol engine: initialized successfully - sym options: 0x614 - pdb path: .;C:\Program Files\Java\jdk-19\bin;C:\Windows\SYSTEM32;C:\Windows\WinSxS\amd64_microsoft.windows.common-controls_6595b64144ccf1df_6.0.19041.1110_none_60b5254171f9507e;C:\Program Files\Java\jdk-19\bin\server

VM Arguments:
jvm_args: -Dfile.encoding=UTF-8 --module-path=C:\Users\DELL\Documents\NetBeansProjects\bank management system\build\classes 
java_command: bank.management.system.Login
java_class_path (initial): C:\Users\DELL\Desktop;C:\Users\DELL\github;C:\Users\DELL\Documents\mysql-connector-java-8.0.28.jar;C:\Users\DELL\Documents\NetBeansProjects\bank management system\build\classes
Launcher Type: SUN_STANDARD

[Global flags]
     intx CICompilerCount                          = 3                                         {product} {ergonomic}
     uint ConcGCThreads                            = 1                                         {product} {ergonomic}
     uint G1ConcRefinementThreads                  = 4                                         {product} {ergonomic}
   size_t G1HeapRegionSize                         = 1048576                                   {product} {ergonomic}
    uintx GCDrainStackTargetSize                   = 64                                        {product} {ergonomic}
   size_t InitialHeapSize                          = 134217728                                 {product} {ergonomic}
   size_t MarkStackSize                            = 4194304                                   {product} {ergonomic}
   size_t MaxHeapSize                              = 2126512128                                {product} {ergonomic}
   size_t MinHeapDeltaBytes                        = 1048576                                   {product} {ergonomic}
   size_t MinHeapSize                              = 8388608                                   {product} {ergonomic}
    uintx NonNMethodCodeHeapSize                   = 5832780                                {pd product} {ergonomic}
    uintx NonProfiledCodeHeapSize                  = 122912730                              {pd product} {ergonomic}
    uintx ProfiledCodeHeapSize                     = 122912730                              {pd product} {ergonomic}
    uintx ReservedCodeCacheSize                    = 251658240                              {pd product} {ergonomic}
     bool SegmentedCodeCache                       = true                                      {product} {ergonomic}
   size_t SoftMaxHeapSize                          = 2126512128                             {manageable} {ergonomic}
     bool UseCompressedClassPointers               = true                           {product lp64_product} {ergonomic}
     bool UseCompressedOops                        = true                           {product lp64_product} {ergonomic}
     bool UseG1GC                                  = true                                      {product} {ergonomic}
     bool UseLargePagesIndividualAllocation        = false                                  {pd product} {ergonomic}

Logging:
Log output configuration:
 #0: stdout all=warning uptime,level,tags foldmultilines=false
 #1: stderr all=off uptime,level,tags foldmultilines=false

Environment Variables:
PATH=C:\Python311\Scripts\;C:\Python311\;C:\Program Files\Common Files\Oracle\Java\javapath;C:\Windows\system32;C:\Windows;C:\Windows\System32\Wbem;C:\Windows\System32\WindowsPowerShell\v1.0\;C:\Windows\System32\OpenSSH\;C:\Program Files\Git\cmd;C:\Program Files\Java\jdk-17\bin;C:\ProgramData\chocolatey\bin;C:\Program Files\nodejs\;C:\Program Files\MySQL\MySQL Shell 8.0\bin\;C:\Users\DELL\AppData\Local\Microsoft\WindowsApps;C:\Users\DELL\.fly\bin;C:\Users\DELL\AppData\Local\Programs\Microsoft VS Code\bin;D:\IntelliJ IDEA Community Edition 2022.3.1\bin;;C:\Users\DELL\AppData\Local\GitHubDesktop\bin;C:\Users\DELL\AppData\Roaming\npm
USERNAME=DELL
OS=Windows_NT
PROCESSOR_IDENTIFIER=Intel64 Family 6 Model 69 Stepping 1, GenuineIntel
TMP=C:\Users\DELL\AppData\Local\Temp
TEMP=C:\Users\DELL\AppData\Local\Temp



---------------  S Y S T E M  ---------------

OS:
 Windows 10 , 64 bit Build 19041 (10.0.19041.2788)
OS uptime: 0 days 17:16 hours

CPU: total 4 (initial active 4) (2 cores per cpu, 2 threads per core) family 6 model 69 stepping 1 microcode 0x25, cx8, cmov, fxsr, ht, mmx, sse, sse2, sse3, ssse3, sse4.1, sse4.2, popcnt, lzcnt, tsc, tscinvbit, avx, avx2, aes, erms, clmul, bmi1, bmi2, fma, vzeroupper, clflush, rdtscp

Memory: 4k page, system-wide physical 8108M (1126M free)
TotalPageFile size 19580M (AvailPageFile size 103M)
current process WorkingSet (physical memory assigned to process): 10M, peak: 10M
current process commit charge ("private bytes"): 52M, peak: 180M

vm_info: Java HotSpot(TM) 64-Bit Server VM (19.0.1+10-21) for windows-amd64 JRE (19.0.1+10-21), built on 2022-09-14T12:45:06Z by "mach5one" with MS VC++ 17.1 (VS2022)

END.
